0 silly argv {
0 silly argv   _: [ 'bootstrap' ],
0 silly argv   lernaVersion: '3.22.1',
0 silly argv   '$0': '..\\..\\..\\..\\..\\AppData\\Roaming\\npm\\node_modules\\lerna\\cli.js'
0 silly argv }
1 notice cli v3.22.1
2 verbose rootPath C:\Users\INIOLUWA\Coding\Open-source\react-admin-panel
3 silly npmConfig {
3 silly npmConfig   registry: undefined,
3 silly npmConfig   npmClient: 'npm',
3 silly npmConfig   npmClientArgs: [],
3 silly npmConfig   mutex: undefined
3 silly npmConfig }
4 info Bootstrapping 4 packages
5 verbose lifecycle preinstall
6 silly lifecycle No script for "preinstall" in "demo", continuing
7 silly lifecycle No script for "preinstall" in "rap-core", continuing
8 silly lifecycle No script for "preinstall" in "rap-ui", continuing
9 silly lifecycle No script for "preinstall" in "react-admin-panel", continuing
10 silly hasDependencyInstalled demo @testing-library/jest-dom
11 silly hasDependencyInstalled demo @types/jest
12 silly hasDependencyInstalled demo @types/node
13 silly hasDependencyInstalled demo typescript
14 silly hasDependencyInstalled rap-ui typescript
15 silly hasDependencyInstalled react-admin-panel typescript
16 silly hasDependencyInstalled demo @testing-library/react
17 silly hasDependencyInstalled demo @testing-library/user-event
18 silly hasDependencyInstalled demo @types/react
19 silly hasDependencyInstalled rap-ui @types/react
20 silly hasDependencyInstalled react-admin-panel @types/react
21 silly hasDependencyInstalled demo @types/react-dom
22 silly hasDependencyInstalled demo react
23 silly hasDependencyInstalled rap-ui react
24 silly hasDependencyInstalled react-admin-panel react
25 silly hasDependencyInstalled demo react-dom
26 silly hasDependencyInstalled rap-ui react-dom
27 silly hasDependencyInstalled react-admin-panel react-dom
28 silly hasDependencyInstalled demo react-scripts
29 silly hasDependencyInstalled rap-core rimraf
30 silly hasDependencyInstalled rap-ui rimraf
31 silly hasDependencyInstalled react-admin-panel rimraf
32 silly hasDependencyInstalled rap-ui ts-loader
33 silly hasDependencyInstalled react-admin-panel ts-loader
34 silly hasDependencyInstalled rap-ui @types/styled-components
35 silly hasDependencyInstalled react-admin-panel @types/styled-components
36 silly hasDependencyInstalled rap-ui react-is
37 silly hasDependencyInstalled rap-ui styled-components
38 silly root dependencies {}
39 silly leaf dependencies {}
40 info Installing external dependencies
41 verbose actions 1 actions, concurrency 8
42 silly npmInstallDependencies demo [
42 silly npmInstallDependencies   '@testing-library/jest-dom@^4.2.4',
42 silly npmInstallDependencies   '@types/jest@^24.0.0',
42 silly npmInstallDependencies   '@types/node@^12.0.0',
42 silly npmInstallDependencies   'typescript@~3.7.2',
42 silly npmInstallDependencies   '@testing-library/react@^9.3.2',
42 silly npmInstallDependencies   '@testing-library/user-event@^7.1.2',
42 silly npmInstallDependencies   '@types/react@^16.9.0',
42 silly npmInstallDependencies   '@types/react-dom@^16.9.0',
42 silly npmInstallDependencies   'react@^16.13.1',
42 silly npmInstallDependencies   'react-dom@^16.13.1',
42 silly npmInstallDependencies   'react-scripts@3.4.1'
42 silly npmInstallDependencies ]
43 silly npmInstallDependencies backup C:\Users\INIOLUWA\Coding\Open-source\react-admin-panel\examples\demo\package.json
44 silly npmInstallDependencies writing tempJson {
44 silly npmInstallDependencies   name: 'demo',
44 silly npmInstallDependencies   description: 'Demo for the react admin panel package ',
44 silly npmInstallDependencies   version: '0.0.1',
44 silly npmInstallDependencies   private: true,
44 silly npmInstallDependencies   dependencies: {
44 silly npmInstallDependencies     '@testing-library/jest-dom': '^4.2.4',
44 silly npmInstallDependencies     '@testing-library/react': '^9.3.2',
44 silly npmInstallDependencies     '@testing-library/user-event': '^7.1.2',
44 silly npmInstallDependencies     '@types/jest': '^24.0.0',
44 silly npmInstallDependencies     '@types/node': '^12.0.0',
44 silly npmInstallDependencies     '@types/react': '^16.9.0',
44 silly npmInstallDependencies     '@types/react-dom': '^16.9.0',
44 silly npmInstallDependencies     react: '^16.13.1',
44 silly npmInstallDependencies     'react-dom': '^16.13.1',
44 silly npmInstallDependencies     'react-scripts': '3.4.1',
44 silly npmInstallDependencies     typescript: '~3.7.2'
44 silly npmInstallDependencies   },
44 silly npmInstallDependencies   eslintConfig: { extends: 'react-app' },
44 silly npmInstallDependencies   browserslist: {
44 silly npmInstallDependencies     production: [ '>0.2%', 'not dead', 'not op_mini all' ],
44 silly npmInstallDependencies     development: [
44 silly npmInstallDependencies       'last 1 chrome version',
44 silly npmInstallDependencies       'last 1 firefox version',
44 silly npmInstallDependencies       'last 1 safari version'
44 silly npmInstallDependencies     ]
44 silly npmInstallDependencies   }
44 silly npmInstallDependencies }
45 silly getExecOpts C:\Users\INIOLUWA\Coding\Open-source\react-admin-panel\examples\demo undefined
46 silly npmInstall [ 'npm', [ 'install' ] ]
47 silly npmInstallDependencies cleanup C:\Users\INIOLUWA\Coding\Open-source\react-admin-panel\examples\demo\package.json
48 error Error: ENOENT: no such file or directory, rename 'C:\Users\INIOLUWA\Coding\Open-source\react-admin-panel\examples\demo\package.json.lerna_backup' -> 'C:\Users\INIOLUWA\Coding\Open-source\react-admin-panel\examples\demo\package.json'
48 error     at Object.renameSync (fs.js:680:3)
48 error     at cleanup (C:\Users\INIOLUWA\Coding\Open-source\react-admin-panel\node_modules\@lerna\npm-install\npm-install.js:70:10)
48 error     at done (C:\Users\INIOLUWA\Coding\Open-source\react-admin-panel\node_modules\@lerna\npm-install\npm-install.js:78:7)
